[2021-11-21 17:17:18,207: INFO: 02_transfer_learning_even_odd]: 
********************
[2021-11-21 17:17:18,207: INFO: 02_transfer_learning_even_odd]: >>>>> stage transfer learning started <<<<<
[2021-11-21 17:17:18,208: INFO: common]: yaml file: configs/config.yaml loaded successfully
[2021-11-21 17:17:19,037: INFO: 02_transfer_learning_even_odd]: loaded base model summary: 
Model: "sequential"
_________________________________________________________________
 Layer (type)                Output Shape              Param #   
=================================================================
 inputlayer (Flatten)        (None, 784)               0         
                                                                 
 hiddenlayer1 (Dense)        (None, 300)               235500    
                                                                 
 leaky_re_lu (LeakyReLU)     (None, 300)               0         
                                                                 
 hiddenlayer2 (Dense)        (None, 100)               30100     
                                                                 
 leaky_re_lu_1 (LeakyReLU)   (None, 100)               0         
                                                                 
 outputlayer (Dense)         (None, 10)                1010      
                                                                 
=================================================================
Total params: 266,610
Trainable params: 266,610
Non-trainable params: 0
_________________________________________________________________

[2021-11-21 17:17:19,062: INFO: 02_transfer_learning_even_odd]: transfer learning model summary: 
Model: "sequential"
_________________________________________________________________
 Layer (type)                Output Shape              Param #   
=================================================================
 inputlayer (Flatten)        (None, 784)               0         
                                                                 
 hiddenlayer1 (Dense)        (None, 300)               235500    
                                                                 
 leaky_re_lu (LeakyReLU)     (None, 300)               0         
                                                                 
 hiddenlayer2 (Dense)        (None, 100)               30100     
                                                                 
 leaky_re_lu_1 (LeakyReLU)   (None, 100)               0         
                                                                 
 output_layer (Dense)        (None, 2)                 202       
                                                                 
=================================================================
Total params: 265,802
Trainable params: 202
Non-trainable params: 265,600
_________________________________________________________________

[2021-11-21 17:17:34,341: INFO: 02_transfer_learning_even_odd]: Training the model took: 15.28 secs
[2021-11-21 17:17:34,355: INFO: 02_transfer_learning_even_odd]: base model is saved  at artifacts/models/even_odd_model.h5
[2021-11-21 17:17:34,695: INFO: 02_transfer_learning_even_odd]: evaluation metrics [0.2912542223930359, 0.8797000050544739]
[2021-11-21 17:17:34,733: INFO: 02_transfer_learning_even_odd]: >>>>> stage transfer learning completed!<<<<<

[2021-11-21 17:19:09,753: INFO: 01_base_model_creation]: 
********************
[2021-11-21 17:19:09,754: INFO: 01_base_model_creation]: >>>>> stage creating base model started <<<<<
[2021-11-21 17:19:09,755: INFO: common]: yaml file: configs/config.yaml loaded successfully
[2021-11-21 17:19:10,500: INFO: 01_base_model_creation]: creating base model summary: 
Model: "sequential"
_________________________________________________________________
 Layer (type)                Output Shape              Param #   
=================================================================
 inputlayer (Flatten)        (None, 784)               0         
                                                                 
 hiddenlayer1 (Dense)        (None, 300)               235500    
                                                                 
 leaky_re_lu (LeakyReLU)     (None, 300)               0         
                                                                 
 hiddenlayer2 (Dense)        (None, 100)               30100     
                                                                 
 leaky_re_lu_1 (LeakyReLU)   (None, 100)               0         
                                                                 
 outputlayer (Dense)         (None, 10)                1010      
                                                                 
=================================================================
Total params: 266,610
Trainable params: 266,610
Non-trainable params: 0
_________________________________________________________________

[2021-11-21 17:19:35,381: INFO: 01_base_model_creation]: Training the base model took: 24.88 secs
[2021-11-21 17:19:35,382: INFO: common]: created directory at: artifacts/models
[2021-11-21 17:19:35,400: INFO: 01_base_model_creation]: base model is saved  at artifacts/models/base_model.h5
[2021-11-21 17:19:35,769: INFO: 01_base_model_creation]: evaluation metrics [0.3162643015384674, 0.9092000126838684]
[2021-11-21 17:19:35,800: INFO: 01_base_model_creation]: >>>>> stage creating base model completed!<<<<<

[2021-11-21 17:20:26,930: INFO: 01.01_base_model_creation_bin]: 
********************
[2021-11-21 17:20:26,930: INFO: 01.01_base_model_creation_bin]: >>>>> stage creating binary model from scratch started <<<<<
[2021-11-21 17:20:26,931: INFO: common]: yaml file: configs/config.yaml loaded successfully
[2021-11-21 17:20:27,743: INFO: 01.01_base_model_creation_bin]: bin_scratch_model summary: 
Model: "sequential"
_________________________________________________________________
 Layer (type)                Output Shape              Param #   
=================================================================
 inputlayer (Flatten)        (None, 784)               0         
                                                                 
 hiddenlayer1 (Dense)        (None, 300)               235500    
                                                                 
 leaky_re_lu (LeakyReLU)     (None, 300)               0         
                                                                 
 hiddenlayer2 (Dense)        (None, 100)               30100     
                                                                 
 leaky_re_lu_1 (LeakyReLU)   (None, 100)               0         
                                                                 
 outputlayer (Dense)         (None, 2)                 202       
                                                                 
=================================================================
Total params: 265,802
Trainable params: 265,802
Non-trainable params: 0
_________________________________________________________________

[2021-11-21 17:20:49,006: INFO: 01.01_base_model_creation_bin]: Training the odd even model from scratch took: 21.26 secs
[2021-11-21 17:20:49,006: INFO: common]: created directory at: artifacts/models
[2021-11-21 17:20:49,020: INFO: 01.01_base_model_creation_bin]: bin_scratch_model is saved at artifacts/models/bin_scratch_model.h5
[2021-11-21 17:20:49,364: INFO: 01.01_base_model_creation_bin]: evaluation metrics [0.16612166166305542, 0.9419000148773193]
[2021-11-21 17:20:49,405: INFO: 01.01_base_model_creation_bin]: >>>>> stage creating binary model from scratch completed!<<<<<

[2021-11-21 17:22:05,387: INFO: 03_transfer_learning_greater_less_5]: 
********************
[2021-11-21 17:22:05,387: INFO: 03_transfer_learning_greater_less_5]: >>>>> stage transfer learning started <<<<<
[2021-11-21 17:22:05,388: INFO: common]: yaml file: configs/config.yaml loaded successfully
[2021-11-21 17:22:06,006: INFO: 03_transfer_learning_greater_less_5]: loaded base model summary: 
Model: "sequential"
_________________________________________________________________
 Layer (type)                Output Shape              Param #   
=================================================================
 inputlayer (Flatten)        (None, 784)               0         
                                                                 
 hiddenlayer1 (Dense)        (None, 300)               235500    
                                                                 
 leaky_re_lu (LeakyReLU)     (None, 300)               0         
                                                                 
 hiddenlayer2 (Dense)        (None, 100)               30100     
                                                                 
 leaky_re_lu_1 (LeakyReLU)   (None, 100)               0         
                                                                 
 outputlayer (Dense)         (None, 10)                1010      
                                                                 
=================================================================
Total params: 266,610
Trainable params: 266,610
Non-trainable params: 0
_________________________________________________________________

[2021-11-21 17:22:06,028: INFO: 03_transfer_learning_greater_less_5]: transfer learning model summary: 
Model: "sequential"
_________________________________________________________________
 Layer (type)                Output Shape              Param #   
=================================================================
 inputlayer (Flatten)        (None, 784)               0         
                                                                 
 hiddenlayer1 (Dense)        (None, 300)               235500    
                                                                 
 leaky_re_lu (LeakyReLU)     (None, 300)               0         
                                                                 
 hiddenlayer2 (Dense)        (None, 100)               30100     
                                                                 
 leaky_re_lu_1 (LeakyReLU)   (None, 100)               0         
                                                                 
 output_layer (Dense)        (None, 2)                 202       
                                                                 
=================================================================
Total params: 265,802
Trainable params: 202
Non-trainable params: 265,600
_________________________________________________________________

[2021-11-21 17:22:21,232: INFO: 03_transfer_learning_greater_less_5]: Training the greater and less than  5 model took: 15.2 secs
[2021-11-21 17:22:21,257: INFO: 03_transfer_learning_greater_less_5]: base model is saved  at artifacts/models/greater_less_5_model.h5
[2021-11-21 17:22:21,625: INFO: 03_transfer_learning_greater_less_5]: evaluation metrics [0.32340967655181885, 0.8700000047683716]
[2021-11-21 17:22:21,668: INFO: 03_transfer_learning_greater_less_5]: >>>>> stage transfer learning completed!<<<<<

